[GIN] 2019/07/15 - 11:02:16 | 200 |    1.629307ms |             ::1 | GET      /task
[GIN] 2019/07/15 - 11:02:17 | 200 |    1.168043ms |             ::1 | GET      /get/task/list
[GIN] 2019/07/15 - 11:02:17 | 200 |    3.632089ms |             ::1 | GET      /static/favicon.ico
[GIN] 2019/07/15 - 11:02:19 | 200 |    5.097083ms |             ::1 | POST     /task/start
[GIN] 2019/07/15 - 11:02:19 | 200 |    1.184055ms |             ::1 | GET      /task
[GIN] 2019/07/15 - 11:02:19 | 200 |     797.031µs |             ::1 | GET      /get/task/list
2019-07-15 11:02:21		开始执行 id:23		任务名称:Python测试		执行命令:python ./scripts/f2caf7aa24a4c4c8a6373b986058fcd1.py
2019-07-15 11:02:21		执行完成 id:23		任务名称:Python测试		脚本结果:246
python test

2019-07-15 11:02:23		开始执行 id:23		任务名称:Python测试		执行命令:python ./scripts/f2caf7aa24a4c4c8a6373b986058fcd1.py
2019-07-15 11:02:23		执行完成 id:23		任务名称:Python测试		脚本结果:246
python test

2019-07-15 11:02:25
2019-07-15 11:02:25
2019-07-15 11:02:25		开始执行 id:23		任务名称:Python测试		执行命令:python ./scripts/f2caf7aa24a4c4c8a6373b986058fcd1.py
2019-07-15 11:02:25		执行完成 id:23		任务名称:Python测试		脚本结果:246
python test

2019-07-15 11:02:27		开始执行 id:23		任务名称:Python测试		执行命令:python ./scripts/f2caf7aa24a4c4c8a6373b986058fcd1.py
2019-07-15 11:02:27		执行完成 id:23		任务名称:Python测试		脚本结果:246
python test

2019-07-15 11:02:28
2019-07-15 11:02:29
2019-07-15 11:02:29		开始执行 id:23		任务名称:Python测试		执行命令:python ./scripts/f2caf7aa24a4c4c8a6373b986058fcd1.py
2019-07-15 11:02:29		执行完成 id:23		任务名称:Python测试		脚本结果:246
python test

2019-07-15 11:02:31		开始执行 id:23		任务名称:Python测试		执行命令:python ./scripts/f2caf7aa24a4c4c8a6373b986058fcd1.py
2019-07-15 11:02:31		执行完成 id:23		任务名称:Python测试		脚本结果:246
python test

2019-07-15 11:02:33
2019-07-15 11:02:33		开始执行 id:23		任务名称:Python测试		执行命令:python ./scripts/f2caf7aa24a4c4c8a6373b986058fcd1.py
2019-07-15 11:02:33		执行完成 id:23		任务名称:Python测试		脚本结果:246
python test

2019-07-15 11:02:34
2019-07-15 11:02:35
2019-07-15 11:02:35		开始执行 id:23		任务名称:Python测试		执行命令:python ./scripts/f2caf7aa24a4c4c8a6373b986058fcd1.py
2019-07-15 11:02:35		执行完成 id:23		任务名称:Python测试		脚本结果:246
python test

2019-07-15 11:02:36
2019-07-15 11:02:37		开始执行 id:23		任务名称:Python测试		执行命令:python ./scripts/f2caf7aa24a4c4c8a6373b986058fcd1.py
2019-07-15 11:02:37		执行完成 id:23		任务名称:Python测试		脚本结果:246
python test

2019-07-15 11:02:38
2019-07-15 11:02:39		开始执行 id:23		任务名称:Python测试		执行命令:python ./scripts/f2caf7aa24a4c4c8a6373b986058fcd1.py
2019-07-15 11:02:39		执行完成 id:23		任务名称:Python测试		脚本结果:246
python test

2019-07-15 11:02:40
2019-07-15 11:02:41		开始执行 id:23		任务名称:Python测试		执行命令:python ./scripts/f2caf7aa24a4c4c8a6373b986058fcd1.py
2019-07-15 11:02:41		执行完成 id:23		任务名称:Python测试		脚本结果:246
python test

2019-07-15 11:02:42
2019-07-15 11:02:43		开始执行 id:23		任务名称:Python测试		执行命令:python ./scripts/f2caf7aa24a4c4c8a6373b986058fcd1.py
2019-07-15 11:02:43		执行完成 id:23		任务名称:Python测试		脚本结果:246
python test

2019-07-15 11:02:44
